  [1m[36mSQL (0.5ms)[0m  [1m SELECT name
 FROM sqlite_master
 WHERE type = 'table' AND NOT name = 'sqlite_sequence'
[0m
  [1m[35mSQL (0.1ms)[0m  select sqlite_version(*)
  [1m[36mSQL (157.2ms)[0m  [1mCREATE TABLE "schema_migrations" ("version" varchar(255) NOT NULL) [0m
  [1m[35mSQL (0.1ms)[0m  PRAGMA index_list("schema_migrations")
  [1m[36mSQL (139.8ms)[0m  [1mCREATE UNIQUE INDEX "unique_schema_migrations" ON "schema_migrations" ("version")[0m
  [1m[35mSQL (0.6ms)[0m   SELECT name
 FROM sqlite_master
 WHERE type = 'table' AND NOT name = 'sqlite_sequence'
  [1m[36mSQL (0.6ms)[0m  [1m SELECT name
 FROM sqlite_master
 WHERE type = 'table' AND NOT name = 'sqlite_sequence'
[0m
  [1m[35mSQL (0.6ms)[0m   SELECT name
 FROM sqlite_master
 WHERE type = 'table' AND NOT name = 'sqlite_sequence'
  [1m[36mSQL (0.4ms)[0m  [1mSELECT "schema_migrations"."version" FROM "schema_migrations"[0m
  [1m[35mSQL (0.4ms)[0m   SELECT name
 FROM sqlite_master
 WHERE type = 'table' AND NOT name = 'sqlite_sequence'


Started GET "/" for 127.0.0.1 at Mon Nov 08 19:47:20 -0600 2010
  Processing by StaticController#index as HTML
Rendered static/index.html.erb within layouts/application (6.7ms)
Completed 200 OK in 41ms (Views: 39.7ms | ActiveRecord: 0.0ms)
  [1m[36mSQL (0.6ms)[0m  [1m SELECT name
 FROM sqlite_master
 WHERE type = 'table' AND NOT name = 'sqlite_sequence'
[0m
  [1m[35mSQL (0.3ms)[0m   SELECT name
 FROM sqlite_master
 WHERE type = 'table' AND NOT name = 'sqlite_sequence'
  [1m[36mSQL (0.2ms)[0m  [1mSELECT "schema_migrations"."version" FROM "schema_migrations"[0m
  [1m[35mSQL (0.4ms)[0m   SELECT name
 FROM sqlite_master
 WHERE type = 'table' AND NOT name = 'sqlite_sequence'
  [1m[36mSQL (20.7ms)[0m  [1mselect sqlite_version(*)[0m
  [1m[35mSQL (140.1ms)[0m  CREATE TABLE "schema_migrations" ("version" varchar(255) NOT NULL) 
  [1m[36mSQL (0.2ms)[0m  [1mPRAGMA index_list("schema_migrations")[0m
  [1m[35mSQL (132.8ms)[0m  CREATE UNIQUE INDEX "unique_schema_migrations" ON "schema_migrations" ("version")
  [1m[36mSQL (0.6ms)[0m  [1m SELECT name
 FROM sqlite_master
 WHERE type = 'table' AND NOT name = 'sqlite_sequence'
[0m
  [1m[35mSQL (0.3ms)[0m  SELECT version FROM "schema_migrations"
  [1m[36mSQL (85.8ms)[0m  [1mINSERT INTO "schema_migrations" (version) VALUES ('0')[0m


Started GET "/" for 127.0.0.1 at Mon Nov 08 20:12:14 -0600 2010
  Processing by StaticController#index as HTML
Rendered static/index.html.erb within layouts/application (3.2ms)
Completed 200 OK in 10ms (Views: 8.9ms | ActiveRecord: 0.0ms)


Started GET "/stylesheet/style.css" for 127.0.0.1 at Mon Nov 08 20:12:15 -0600 2010

ActionController::RoutingError (No route matches "/stylesheet/style.css"):
  

Rendered /usr/lib/ruby/gems/1.8/gems/actionpack-3.0.1/lib/action_dispatch/middleware/templates/rescues/routing_error.erb within rescues/layout (1.4ms)


Started GET "/stylesheets/images/fondo.jpg" for 127.0.0.1 at Mon Nov 08 20:12:15 -0600 2010

ActionController::RoutingError (No route matches "/stylesheets/images/fondo.jpg"):
  

Rendered /usr/lib/ruby/gems/1.8/gems/actionpack-3.0.1/lib/action_dispatch/middleware/templates/rescues/routing_error.erb within rescues/layout (1.5ms)


Started GET "/" for 127.0.0.1 at Mon Nov 08 20:12:16 -0600 2010
  Processing by StaticController#index as HTML
Rendered static/index.html.erb within layouts/application (7.2ms)
Completed 200 OK in 22ms (Views: 20.6ms | ActiveRecord: 0.0ms)


Started GET "/stylesheet/style.css" for 127.0.0.1 at Mon Nov 08 20:12:16 -0600 2010

ActionController::RoutingError (No route matches "/stylesheet/style.css"):
  

Rendered /usr/lib/ruby/gems/1.8/gems/actionpack-3.0.1/lib/action_dispatch/middleware/templates/rescues/routing_error.erb within rescues/layout (1.5ms)


Started GET "/stylesheets/images/fondo.jpg" for 127.0.0.1 at Mon Nov 08 20:12:16 -0600 2010

ActionController::RoutingError (No route matches "/stylesheets/images/fondo.jpg"):
  

Rendered /usr/lib/ruby/gems/1.8/gems/actionpack-3.0.1/lib/action_dispatch/middleware/templates/rescues/routing_error.erb within rescues/layout (1.2ms)


Started GET "/" for 127.0.0.1 at Mon Nov 08 20:12:17 -0600 2010
  Processing by StaticController#index as HTML
Rendered static/index.html.erb within layouts/application (3.0ms)
Completed 200 OK in 10ms (Views: 8.9ms | ActiveRecord: 0.0ms)


Started GET "/stylesheet/style.css" for 127.0.0.1 at Mon Nov 08 20:12:17 -0600 2010

ActionController::RoutingError (No route matches "/stylesheet/style.css"):
  

Rendered /usr/lib/ruby/gems/1.8/gems/actionpack-3.0.1/lib/action_dispatch/middleware/templates/rescues/routing_error.erb within rescues/layout (1.2ms)


Started GET "/stylesheets/images/fondo.jpg" for 127.0.0.1 at Mon Nov 08 20:12:18 -0600 2010

ActionController::RoutingError (No route matches "/stylesheets/images/fondo.jpg"):
  

Rendered /usr/lib/ruby/gems/1.8/gems/actionpack-3.0.1/lib/action_dispatch/middleware/templates/rescues/routing_error.erb within rescues/layout (1.4ms)


Started GET "/" for 127.0.0.1 at Mon Nov 08 20:12:19 -0600 2010
  Processing by StaticController#index as HTML
Rendered static/index.html.erb within layouts/application (7.0ms)
Completed 200 OK in 22ms (Views: 20.0ms | ActiveRecord: 0.0ms)


Started GET "/stylesheet/style.css" for 127.0.0.1 at Mon Nov 08 20:12:19 -0600 2010

ActionController::RoutingError (No route matches "/stylesheet/style.css"):
  

Rendered /usr/lib/ruby/gems/1.8/gems/actionpack-3.0.1/lib/action_dispatch/middleware/templates/rescues/routing_error.erb within rescues/layout (1.2ms)


Started GET "/stylesheets/images/fondo.jpg" for 127.0.0.1 at Mon Nov 08 20:12:19 -0600 2010

ActionController::RoutingError (No route matches "/stylesheets/images/fondo.jpg"):
  

Rendered /usr/lib/ruby/gems/1.8/gems/actionpack-3.0.1/lib/action_dispatch/middleware/templates/rescues/routing_error.erb within rescues/layout (1.2ms)


Started GET "/" for 127.0.0.1 at Mon Nov 08 20:17:16 -0600 2010
  Processing by StaticController#index as HTML
Rendered static/index.html.erb within layouts/application (2.9ms)
Completed 200 OK in 9ms (Views: 8.6ms | ActiveRecord: 0.0ms)


Started GET "/stylesheets/images/fondo.jpg" for 127.0.0.1 at Mon Nov 08 20:17:17 -0600 2010

ActionController::RoutingError (No route matches "/stylesheets/images/fondo.jpg"):
  

Rendered /usr/lib/ruby/gems/1.8/gems/actionpack-3.0.1/lib/action_dispatch/middleware/templates/rescues/routing_error.erb within rescues/layout (6.0ms)


Started GET "/stylesheets/images/fondo.jpg" for 127.0.0.1 at Mon Nov 08 20:17:17 -0600 2010

ActionController::RoutingError (No route matches "/stylesheets/images/fondo.jpg"):
  

Rendered /usr/lib/ruby/gems/1.8/gems/actionpack-3.0.1/lib/action_dispatch/middleware/templates/rescues/routing_error.erb within rescues/layout (1.2ms)


Started GET "/" for 127.0.0.1 at Mon Nov 08 20:17:21 -0600 2010
  Processing by StaticController#index as HTML
Rendered static/index.html.erb within layouts/application (6.7ms)
Completed 200 OK in 21ms (Views: 19.2ms | ActiveRecord: 0.0ms)


Started GET "/stylesheets/images/fondo.jpg" for 127.0.0.1 at Mon Nov 08 20:17:21 -0600 2010

ActionController::RoutingError (No route matches "/stylesheets/images/fondo.jpg"):
  

Rendered /usr/lib/ruby/gems/1.8/gems/actionpack-3.0.1/lib/action_dispatch/middleware/templates/rescues/routing_error.erb within rescues/layout (1.4ms)


Started GET "/stylesheets/images/fondo.jpg" for 127.0.0.1 at Mon Nov 08 20:17:21 -0600 2010

ActionController::RoutingError (No route matches "/stylesheets/images/fondo.jpg"):
  

Rendered /usr/lib/ruby/gems/1.8/gems/actionpack-3.0.1/lib/action_dispatch/middleware/templates/rescues/routing_error.erb within rescues/layout (1.5ms)


Started GET "/" for 127.0.0.1 at Mon Nov 08 20:20:29 -0600 2010
  Processing by StaticController#index as HTML
Rendered static/index.html.erb within layouts/application (2.9ms)
Completed 200 OK in 9ms (Views: 8.3ms | ActiveRecord: 0.0ms)


Started GET "/" for 127.0.0.1 at Mon Nov 08 20:20:32 -0600 2010
  Processing by StaticController#index as HTML
Rendered static/index.html.erb within layouts/application (7.0ms)
Completed 200 OK in 22ms (Views: 20.1ms | ActiveRecord: 0.0ms)


Started GET "/" for 127.0.0.1 at Mon Nov 08 20:20:33 -0600 2010
  Processing by StaticController#index as HTML
Rendered static/index.html.erb within layouts/application (3.3ms)
Completed 200 OK in 142ms (Views: 140.6ms | ActiveRecord: 0.0ms)


Started GET "/" for 127.0.0.1 at Mon Nov 08 20:20:35 -0600 2010
  Processing by StaticController#index as HTML
Rendered static/index.html.erb within layouts/application (6.8ms)
Completed 200 OK in 21ms (Views: 19.1ms | ActiveRecord: 0.0ms)


Started GET "/" for 127.0.0.1 at Mon Nov 08 20:22:29 -0600 2010
  Processing by StaticController#index as HTML
Rendered static/index.html.erb within layouts/application (8.1ms)
Completed 200 OK in 23ms (Views: 21.4ms | ActiveRecord: 0.0ms)


Started GET "/" for 127.0.0.1 at Mon Nov 08 20:23:56 -0600 2010
  Processing by StaticController#index as HTML
Rendered static/index.html.erb within layouts/application (2.9ms)
Completed 200 OK in 9ms (Views: 8.6ms | ActiveRecord: 0.0ms)


Started GET "/" for 127.0.0.1 at Mon Nov 08 20:29:32 -0600 2010
  Processing by StaticController#index as HTML
Rendered static/index.html.erb within layouts/application (2.9ms)
Completed 200 OK in 9ms (Views: 8.4ms | ActiveRecord: 0.0ms)


Started GET "/" for 127.0.0.1 at Mon Nov 08 20:29:37 -0600 2010
  Processing by StaticController#index as HTML
Rendered static/index.html.erb within layouts/application (7.0ms)
Completed 200 OK in 22ms (Views: 20.2ms | ActiveRecord: 0.0ms)


Started GET "/" for 127.0.0.1 at Mon Nov 08 20:32:33 -0600 2010
  Processing by StaticController#index as HTML
Rendered static/index.html.erb within layouts/application (2.9ms)
Completed 200 OK in 9ms (Views: 8.7ms | ActiveRecord: 0.0ms)


Started GET "/" for 127.0.0.1 at Mon Nov 08 20:32:35 -0600 2010
  Processing by StaticController#index as HTML
Rendered static/index.html.erb within layouts/application (6.5ms)
Completed 200 OK in 21ms (Views: 19.1ms | ActiveRecord: 0.0ms)


Started GET "/" for 127.0.0.1 at Mon Nov 08 20:39:36 -0600 2010
  Processing by StaticController#index as HTML
Rendered static/index.html.erb within layouts/application (2.9ms)
Completed 200 OK in 9ms (Views: 8.5ms | ActiveRecord: 0.0ms)


Started GET "/" for 127.0.0.1 at Mon Nov 08 20:39:37 -0600 2010
  Processing by StaticController#index as HTML
Rendered static/index.html.erb within layouts/application (11.3ms)
Completed 200 OK in 28ms (Views: 26.7ms | ActiveRecord: 0.0ms)
  [1m[36mSQL (0.7ms)[0m  [1m SELECT name
 FROM sqlite_master
 WHERE type = 'table' AND NOT name = 'sqlite_sequence'
[0m
  [1m[35mSQL (0.3ms)[0m   SELECT name
 FROM sqlite_master
 WHERE type = 'table' AND NOT name = 'sqlite_sequence'
  [1m[36mSQL (0.2ms)[0m  [1mSELECT "schema_migrations"."version" FROM "schema_migrations"[0m
  [1m[35mSQL (0.4ms)[0m   SELECT name
 FROM sqlite_master
 WHERE type = 'table' AND NOT name = 'sqlite_sequence'
  [1m[36mSQL (0.1ms)[0m  [1mselect sqlite_version(*)[0m
  [1m[35mSQL (152.8ms)[0m  CREATE TABLE "schema_migrations" ("version" varchar(255) NOT NULL) 
  [1m[36mSQL (0.2ms)[0m  [1mPRAGMA index_list("schema_migrations")[0m
  [1m[35mSQL (117.2ms)[0m  CREATE UNIQUE INDEX "unique_schema_migrations" ON "schema_migrations" ("version")
  [1m[36mSQL (0.6ms)[0m  [1m SELECT name
 FROM sqlite_master
 WHERE type = 'table' AND NOT name = 'sqlite_sequence'
[0m
  [1m[35mSQL (0.3ms)[0m  SELECT version FROM "schema_migrations"
  [1m[36mSQL (108.2ms)[0m  [1mINSERT INTO "schema_migrations" (version) VALUES ('0')[0m
  [1m[36mSQL (0.6ms)[0m  [1m SELECT name
 FROM sqlite_master
 WHERE type = 'table' AND NOT name = 'sqlite_sequence'
[0m
  [1m[35mSQL (0.2ms)[0m   SELECT name
 FROM sqlite_master
 WHERE type = 'table' AND NOT name = 'sqlite_sequence'
  [1m[36mSQL (0.2ms)[0m  [1mSELECT "schema_migrations"."version" FROM "schema_migrations"[0m
  [1m[35mSQL (0.3ms)[0m   SELECT name
 FROM sqlite_master
 WHERE type = 'table' AND NOT name = 'sqlite_sequence'
  [1m[36mSQL (0.1ms)[0m  [1mselect sqlite_version(*)[0m
  [1m[35mSQL (137.0ms)[0m  CREATE TABLE "schema_migrations" ("version" varchar(255) NOT NULL) 
  [1m[36mSQL (0.1ms)[0m  [1mPRAGMA index_list("schema_migrations")[0m
  [1m[35mSQL (93.5ms)[0m  CREATE UNIQUE INDEX "unique_schema_migrations" ON "schema_migrations" ("version")
  [1m[36mSQL (0.6ms)[0m  [1m SELECT name
 FROM sqlite_master
 WHERE type = 'table' AND NOT name = 'sqlite_sequence'
[0m
  [1m[35mSQL (0.3ms)[0m  SELECT version FROM "schema_migrations"
  [1m[36mSQL (85.7ms)[0m  [1mINSERT INTO "schema_migrations" (version) VALUES ('0')[0m
  [1m[36mSQL (0.6ms)[0m  [1m SELECT name
 FROM sqlite_master
 WHERE type = 'table' AND NOT name = 'sqlite_sequence'
[0m
  [1m[35mSQL (0.2ms)[0m   SELECT name
 FROM sqlite_master
 WHERE type = 'table' AND NOT name = 'sqlite_sequence'
  [1m[36mSQL (0.2ms)[0m  [1mSELECT "schema_migrations"."version" FROM "schema_migrations"[0m
  [1m[35mSQL (0.4ms)[0m   SELECT name
 FROM sqlite_master
 WHERE type = 'table' AND NOT name = 'sqlite_sequence'
  [1m[36mSQL (0.1ms)[0m  [1mselect sqlite_version(*)[0m
  [1m[35mSQL (167.2ms)[0m  CREATE TABLE "schema_migrations" ("version" varchar(255) NOT NULL) 
  [1m[36mSQL (0.2ms)[0m  [1mPRAGMA index_list("schema_migrations")[0m
  [1m[35mSQL (102.1ms)[0m  CREATE UNIQUE INDEX "unique_schema_migrations" ON "schema_migrations" ("version")
  [1m[36mSQL (0.6ms)[0m  [1m SELECT name
 FROM sqlite_master
 WHERE type = 'table' AND NOT name = 'sqlite_sequence'
[0m
  [1m[35mSQL (0.6ms)[0m  SELECT version FROM "schema_migrations"
  [1m[36mSQL (85.5ms)[0m  [1mINSERT INTO "schema_migrations" (version) VALUES ('0')[0m
  [1m[36mSQL (0.6ms)[0m  [1m SELECT name
 FROM sqlite_master
 WHERE type = 'table' AND NOT name = 'sqlite_sequence'
[0m
  [1m[35mSQL (0.3ms)[0m   SELECT name
 FROM sqlite_master
 WHERE type = 'table' AND NOT name = 'sqlite_sequence'
  [1m[36mSQL (0.2ms)[0m  [1mSELECT "schema_migrations"."version" FROM "schema_migrations"[0m
  [1m[35mSQL (0.3ms)[0m   SELECT name
 FROM sqlite_master
 WHERE type = 'table' AND NOT name = 'sqlite_sequence'
  [1m[36mSQL (0.1ms)[0m  [1mselect sqlite_version(*)[0m
  [1m[35mSQL (170.6ms)[0m  CREATE TABLE "schema_migrations" ("version" varchar(255) NOT NULL) 
  [1m[36mSQL (0.2ms)[0m  [1mPRAGMA index_list("schema_migrations")[0m
  [1m[35mSQL (102.7ms)[0m  CREATE UNIQUE INDEX "unique_schema_migrations" ON "schema_migrations" ("version")
  [1m[36mSQL (0.6ms)[0m  [1m SELECT name
 FROM sqlite_master
 WHERE type = 'table' AND NOT name = 'sqlite_sequence'
[0m
  [1m[35mSQL (0.3ms)[0m  SELECT version FROM "schema_migrations"
  [1m[36mSQL (97.1ms)[0m  [1mINSERT INTO "schema_migrations" (version) VALUES ('0')[0m
  [1m[36mSQL (0.6ms)[0m  [1m SELECT name
 FROM sqlite_master
 WHERE type = 'table' AND NOT name = 'sqlite_sequence'
[0m
  [1m[35mSQL (0.3ms)[0m   SELECT name
 FROM sqlite_master
 WHERE type = 'table' AND NOT name = 'sqlite_sequence'
  [1m[36mSQL (0.2ms)[0m  [1mSELECT "schema_migrations"."version" FROM "schema_migrations"[0m
  [1m[35mSQL (0.3ms)[0m   SELECT name
 FROM sqlite_master
 WHERE type = 'table' AND NOT name = 'sqlite_sequence'
  [1m[36mSQL (0.1ms)[0m  [1mselect sqlite_version(*)[0m
  [1m[35mSQL (159.1ms)[0m  CREATE TABLE "schema_migrations" ("version" varchar(255) NOT NULL) 
  [1m[36mSQL (0.2ms)[0m  [1mPRAGMA index_list("schema_migrations")[0m
  [1m[35mSQL (102.4ms)[0m  CREATE UNIQUE INDEX "unique_schema_migrations" ON "schema_migrations" ("version")
  [1m[36mSQL (0.6ms)[0m  [1m SELECT name
 FROM sqlite_master
 WHERE type = 'table' AND NOT name = 'sqlite_sequence'
[0m
  [1m[35mSQL (0.3ms)[0m  SELECT version FROM "schema_migrations"
  [1m[36mSQL (96.7ms)[0m  [1mINSERT INTO "schema_migrations" (version) VALUES ('0')[0m


Started GET "/" for 127.0.0.1 at Mon Nov 08 21:07:09 -0600 2010
  Processing by StaticController#index as HTML
Rendered static/index.html.erb within layouts/application (3.3ms)
Completed 200 OK in 10ms (Views: 9.2ms | ActiveRecord: 0.0ms)


Started GET "/users/sign_up" for 127.0.0.1 at Mon Nov 08 21:07:14 -0600 2010

ActionController::RoutingError (No route matches "/users/sign_up"):
  

Rendered /usr/lib/ruby/gems/1.8/gems/actionpack-3.0.1/lib/action_dispatch/middleware/templates/rescues/routing_error.erb within rescues/layout (2.8ms)


Started GET "/users/sign_in" for 127.0.0.1 at Mon Nov 08 21:07:16 -0600 2010

ActionController::RoutingError (No route matches "/users/sign_in"):
  

Rendered /usr/lib/ruby/gems/1.8/gems/actionpack-3.0.1/lib/action_dispatch/middleware/templates/rescues/routing_error.erb within rescues/layout (2.6ms)


Started GET "/" for 127.0.0.1 at Mon Nov 08 21:17:48 -0600 2010
  Processing by StaticController#index as HTML
Rendered static/index.html.erb within layouts/application (3.5ms)
Completed 200 OK in 23ms (Views: 22.3ms | ActiveRecord: 0.0ms)


Started GET "/stylesheets/bg.gif" for 127.0.0.1 at Mon Nov 08 21:17:49 -0600 2010

ActionController::RoutingError (No route matches "/stylesheets/bg.gif"):
  

Rendered /usr/lib/ruby/gems/1.8/gems/actionpack-3.0.1/lib/action_dispatch/middleware/templates/rescues/routing_error.erb within rescues/layout (1.4ms)


Started GET "/1.gif" for 127.0.0.1 at Mon Nov 08 21:17:49 -0600 2010

ActionController::RoutingError (No route matches "/1.gif"):
  

Rendered /usr/lib/ruby/gems/1.8/gems/actionpack-3.0.1/lib/action_dispatch/middleware/templates/rescues/routing_error.erb within rescues/layout (1.5ms)
  [1m[36mSQL (0.6ms)[0m  [1m SELECT name
 FROM sqlite_master
 WHERE type = 'table' AND NOT name = 'sqlite_sequence'
[0m
  [1m[35mSQL (0.3ms)[0m   SELECT name
 FROM sqlite_master
 WHERE type = 'table' AND NOT name = 'sqlite_sequence'
  [1m[36mSQL (0.2ms)[0m  [1mSELECT "schema_migrations"."version" FROM "schema_migrations"[0m
  [1m[35mSQL (0.3ms)[0m   SELECT name
 FROM sqlite_master
 WHERE type = 'table' AND NOT name = 'sqlite_sequence'
  [1m[36mSQL (0.1ms)[0m  [1mselect sqlite_version(*)[0m
  [1m[35mSQL (139.2ms)[0m  CREATE TABLE "schema_migrations" ("version" varchar(255) NOT NULL) 
  [1m[36mSQL (0.2ms)[0m  [1mPRAGMA index_list("schema_migrations")[0m
  [1m[35mSQL (110.0ms)[0m  CREATE UNIQUE INDEX "unique_schema_migrations" ON "schema_migrations" ("version")
  [1m[36mSQL (0.6ms)[0m  [1m SELECT name
 FROM sqlite_master
 WHERE type = 'table' AND NOT name = 'sqlite_sequence'
[0m
  [1m[35mSQL (0.3ms)[0m  SELECT version FROM "schema_migrations"
  [1m[36mSQL (85.8ms)[0m  [1mINSERT INTO "schema_migrations" (version) VALUES ('0')[0m


Started GET "/" for 127.0.0.1 at Mon Nov 08 21:25:01 -0600 2010
  Processing by StaticController#index as HTML
Rendered static/index.html.erb within layouts/application (2.9ms)
Completed 200 OK in 9ms (Views: 8.2ms | ActiveRecord: 0.0ms)


Started GET "/" for 127.0.0.1 at Mon Nov 08 21:26:35 -0600 2010
  Processing by StaticController#index as HTML
Rendered static/index.html.erb within layouts/application (2.9ms)
Completed 200 OK in 9ms (Views: 8.2ms | ActiveRecord: 0.0ms)


Started GET "/1.gif" for 127.0.0.1 at Mon Nov 08 21:26:36 -0600 2010

ActionController::RoutingError (No route matches "/1.gif"):
  

Rendered /usr/lib/ruby/gems/1.8/gems/actionpack-3.0.1/lib/action_dispatch/middleware/templates/rescues/routing_error.erb within rescues/layout (1.5ms)


Started GET "/stylesheets/fondo.jpg" for 127.0.0.1 at Mon Nov 08 21:26:36 -0600 2010

ActionController::RoutingError (No route matches "/stylesheets/fondo.jpg"):
  

Rendered /usr/lib/ruby/gems/1.8/gems/actionpack-3.0.1/lib/action_dispatch/middleware/templates/rescues/routing_error.erb within rescues/layout (1.3ms)


Started GET "/stylesheets/fondo.jpg" for 127.0.0.1 at Mon Nov 08 21:26:36 -0600 2010

ActionController::RoutingError (No route matches "/stylesheets/fondo.jpg"):
  

Rendered /usr/lib/ruby/gems/1.8/gems/actionpack-3.0.1/lib/action_dispatch/middleware/templates/rescues/routing_error.erb within rescues/layout (1.2ms)


Started GET "/" for 127.0.0.1 at Mon Nov 08 21:26:37 -0600 2010
  Processing by StaticController#index as HTML
Rendered static/index.html.erb within layouts/application (11.0ms)
Completed 200 OK in 25ms (Views: 23.4ms | ActiveRecord: 0.0ms)


Started GET "/1.gif" for 127.0.0.1 at Mon Nov 08 21:26:37 -0600 2010

ActionController::RoutingError (No route matches "/1.gif"):
  

Rendered /usr/lib/ruby/gems/1.8/gems/actionpack-3.0.1/lib/action_dispatch/middleware/templates/rescues/routing_error.erb within rescues/layout (1.5ms)


Started GET "/stylesheets/fondo.jpg" for 127.0.0.1 at Mon Nov 08 21:26:37 -0600 2010

ActionController::RoutingError (No route matches "/stylesheets/fondo.jpg"):
  

Rendered /usr/lib/ruby/gems/1.8/gems/actionpack-3.0.1/lib/action_dispatch/middleware/templates/rescues/routing_error.erb within rescues/layout (1.3ms)


Started GET "/stylesheets/fondo.jpg" for 127.0.0.1 at Mon Nov 08 21:26:37 -0600 2010

ActionController::RoutingError (No route matches "/stylesheets/fondo.jpg"):
  

Rendered /usr/lib/ruby/gems/1.8/gems/actionpack-3.0.1/lib/action_dispatch/middleware/templates/rescues/routing_error.erb within rescues/layout (1.4ms)


Started GET "/" for 127.0.0.1 at Mon Nov 08 21:27:32 -0600 2010
  Processing by StaticController#index as HTML
Rendered static/index.html.erb within layouts/application (3.0ms)
Completed 200 OK in 9ms (Views: 8.7ms | ActiveRecord: 0.0ms)


Started GET "/1.gif" for 127.0.0.1 at Mon Nov 08 21:27:33 -0600 2010

ActionController::RoutingError (No route matches "/1.gif"):
  

Rendered /usr/lib/ruby/gems/1.8/gems/actionpack-3.0.1/lib/action_dispatch/middleware/templates/rescues/routing_error.erb within rescues/layout (1.3ms)


Started GET "/" for 127.0.0.1 at Mon Nov 08 21:30:30 -0600 2010
  Processing by StaticController#index as HTML
Rendered static/index.html.erb within layouts/application (3.0ms)
Completed 200 OK in 9ms (Views: 8.3ms | ActiveRecord: 0.0ms)


Started GET "/" for 127.0.0.1 at Mon Nov 08 21:35:08 -0600 2010
  Processing by StaticController#index as HTML
Rendered static/index.html.erb within layouts/application (3.1ms)
Completed 200 OK in 9ms (Views: 8.5ms | ActiveRecord: 0.0ms)


Started GET "/" for 127.0.0.1 at Mon Nov 08 21:35:12 -0600 2010
  Processing by StaticController#index as HTML
Rendered static/index.html.erb within layouts/application (7.2ms)
Completed 200 OK in 21ms (Views: 19.7ms | ActiveRecord: 0.0ms)


Started GET "/" for 127.0.0.1 at Tue Nov 09 07:26:04 -0600 2010
  Processing by StaticController#index as HTML
Rendered static/index.html.erb within layouts/application (7.9ms)
Completed 200 OK in 56ms (Views: 54.3ms | ActiveRecord: 0.0ms)
